<?xml version="1.0" encoding="UTF-8"?>
<testsuite xmlns:xsi="http://www.w3.org/2001/XMLSchema-instance" xsi:noNamespaceSchemaLocation="https://maven.apache.org/surefire/maven-surefire-plugin/xsd/surefire-test-report.xsd" name="TriangleTest" time="0.053" tests="44" errors="0" skipped="0" failures="0">
  <properties>
[...]
</properties>
  <testcase name="testNotTriangle_SumOfTwoBetterThanThird_1" classname="TriangleTest" time="0.004"/>
  <testcase name="testNotTriangle_SumOfTwoBetterThanThird_2" classname="TriangleTest" time="0"/>
  <testcase name="testIsosceles_1_1_1_Boundary" classname="TriangleTest" time="0"/>
  <testcase name="testBoundary_MinMaxMix_1_100_100" classname="TriangleTest" time="0"/>
  <testcase name="testNotTriangle_AllConditionsViolated" classname="TriangleTest" time="0"/>
  <testcase name="testScalene_1_2_2" classname="TriangleTest" time="0"/>
  <testcase name="testScalene_3_4_5" classname="TriangleTest" time="0"/>
  <testcase name="testScalene_5_4_3" classname="TriangleTest" time="0"/>
  <testcase name="testScalene_5_6_7" classname="TriangleTest" time="0"/>
  <testcase name="testInvalidInput_ExceedsMaxA" classname="TriangleTest" time="0"/>
  <testcase name="testInvalidInput_ExceedsMaxB" classname="TriangleTest" time="0"/>
  <testcase name="testInvalidInput_ExceedsMaxC" classname="TriangleTest" time="0"/>
  <testcase name="testBoundary_MinValid_1_1_1" classname="TriangleTest" time="0"/>
  <testcase name="testNotTriangle_ViolateThirdCondition" classname="TriangleTest" time="0"/>
  <testcase name="testInvalidInput_AllNegative" classname="TriangleTest" time="0"/>
  <testcase name="testScalene_10_20_25" classname="TriangleTest" time="0"/>
  <testcase name="testBoundary_MaxValid_100_100_100" classname="TriangleTest" time="0"/>
  <testcase name="testBoundary_AlmostInvalid_1_1_2" classname="TriangleTest" time="0.001"/>
  <testcase name="testScalene_15_20_30" classname="TriangleTest" time="0"/>
  <testcase name="testBoundary_JustValid_1_1_1_LowestValid" classname="TriangleTest" time="0"/>
  <testcase name="testIsosceles_100_100_199" classname="TriangleTest" time="0"/>
  <testcase name="testIsosceles_2_2_3" classname="TriangleTest" time="0.001"/>
  <testcase name="testIsosceles_2_3_2" classname="TriangleTest" time="0"/>
  <testcase name="testIsosceles_3_2_2" classname="TriangleTest" time="0"/>
  <testcase name="testIsosceles_5_5_7" classname="TriangleTest" time="0"/>
  <testcase name="testIsosceles_5_7_5" classname="TriangleTest" time="0"/>
  <testcase name="testIsosceles_7_5_5" classname="TriangleTest" time="0.001"/>
  <testcase name="testScalene_7_10_15" classname="TriangleTest" time="0"/>
  <testcase name="testNotTriangle_ViolateSecondCondition" classname="TriangleTest" time="0"/>
  <testcase name="testInvalidInput_NegativeA" classname="TriangleTest" time="0"/>
  <testcase name="testInvalidInput_NegativeB" classname="TriangleTest" time="0"/>
  <testcase name="testInvalidInput_NegativeC" classname="TriangleTest" time="0"/>
  <testcase name="testScalene_6_8_10" classname="TriangleTest" time="0.001"/>
  <testcase name="testIsosceles_10_10_15" classname="TriangleTest" time="0"/>
  <testcase name="testEquilateral_1_1_1" classname="TriangleTest" time="0"/>
  <testcase name="testEquilateral_3_3_3" classname="TriangleTest" time="0"/>
  <testcase name="testEquilateral_5_5_5" classname="TriangleTest" time="0.001"/>
  <testcase name="testEquilateral_50_50_50" classname="TriangleTest" time="0"/>
  <testcase name="testEquilateral_100_100_100" classname="TriangleTest" time="0"/>
  <testcase name="testInvalidInput_ZeroA" classname="TriangleTest" time="0.001"/>
  <testcase name="testInvalidInput_ZeroB" classname="TriangleTest" time="0"/>
  <testcase name="testInvalidInput_ZeroC" classname="TriangleTest" time="0"/>
  <testcase name="testInvalidInput_AllZero" classname="TriangleTest" time="0"/>
  <testcase name="testInvalidInput_AllExceedsMax" classname="TriangleTest" time="0"/>
</testsuite>